<?xml version="1.0" encoding="UTF-8"?>
<!-- Generated by org.testng.reporters.JUnitXMLReporter -->
<testsuite hostname="T1000" ignored="2" name="Surefire test" tests="1" failures="0" timestamp="2021-12-26T14:58:02 MSK" time="19.043" errors="0">
  <testcase name="checkIsRedirectToListing" time="18.992" classname="tests.searchamartment.SearchApartmentTest"/>
  <testcase name="@AfterTest clearCookiesAndLocalStorage" time="0.0" classname="tests.base.BaseTest">
    <ignored/>
  </testcase> <!-- @AfterTest clearCookiesAndLocalStorage -->
  <testcase name="@AfterSuite close" time="0.0" classname="tests.base.BaseTest">
    <ignored/>
  </testcase> <!-- @AfterSuite close -->
</testsuite> <!-- Surefire test -->
