<?xml version="1.0" encoding="UTF-8"?>
<testng-results skipped="0" failed="0" ignored="0" total="1" passed="1">
  <reporter-output>
  </reporter-output>
  <suite name="All test suite" duration-ms="7847" started-at="2022-01-05T11:52:15Z" finished-at="2022-01-05T11:52:23Z">
    <groups>
    </groups>
    <test name="test1" duration-ms="7847" started-at="2022-01-05T11:52:15Z" finished-at="2022-01-05T11:52:23Z">
      <class name="tests.searchapartment.SearchApartmentTest">
        <test-method status="PASS" signature="checkIsRedirectToListing()[pri:0, instance:tests.searchapartment.SearchApartmentTest@3f685162]" name="checkIsRedirectToListing" duration-ms="7352" started-at="2022-01-05T11:52:15Z" finished-at="2022-01-05T11:52:22Z">
          <reporter-output>
          </reporter-output>
        </test-method> <!-- checkIsRedirectToListing -->
        <test-method status="PASS" signature="clearCookiesAndLocalStorage()[pri:0, instance:tests.searchapartment.SearchApartmentTest@3f685162]" name="clearCookiesAndLocalStorage" is-config="true" duration-ms="339" started-at="2022-01-05T11:52:23Z" finished-at="2022-01-05T11:52:23Z">
          <reporter-output>
          </reporter-output>
        </test-method> <!-- clearCookiesAndLocalStorage -->
        <test-method status="PASS" signature="close()[pri:0, instance:tests.searchapartment.SearchApartmentTest@3f685162]" name="close" is-config="true" duration-ms="78" started-at="2022-01-05T11:52:23Z" finished-at="2022-01-05T11:52:23Z">
          <reporter-output>
          </reporter-output>
        </test-method> <!-- close -->
      </class> <!-- tests.searchapartment.SearchApartmentTest -->
    </test> <!-- test1 -->
  </suite> <!-- All test suite -->
</testng-results>
